
*************** JDFTx 1.5.0  ***************

Start date and time: Tue Jun 30 09:40:10 2020
Executable jdftx_gpu with command-line: -i Charged.in -o Charged.out
Running on hosts (process indices):  amax (0)
Divided in process groups (process indices):  0 (0)
gpuInit: Found compatible cuda device 0 'Tesla K80'
gpuInit: Selected device 0
Resource initialization completed at t[s]:      6.06
Run totals: 1 processes, 24 threads, 1 GPUs


Input parsed successfully to the following command list (including defaults):

basis kpoint-dependent
cache-projectors no
coords-type Lattice
core-overlap-check none
coulomb-interaction Slab 001
coulomb-truncation-embed 0 0 0.5
davidson-band-ratio 1.1
dump End State
dump-name NbTe2.$VAR
elec-cutoff 20 100
elec-eigen-algo Davidson
elec-ex-corr gga-PBE
elec-smearing Gauss 0.0073499
electronic-minimize  \
	dirUpdateScheme      FletcherReeves \
	linminMethod         DirUpdateRecommended \
	nIterations          500 \
	history              15 \
	knormThreshold       0 \
	energyDiffThreshold  1e-08 \
	nEnergyDiff          2 \
	alphaTstart          1 \
	alphaTmin            1e-10 \
	updateTestStepSize   yes \
	alphaTreduceFactor   0.1 \
	alphaTincreaseFactor 3 \
	nAlphaAdjustMax      3 \
	wolfeEnergy          0.0001 \
	wolfeGradient        0.9 \
	fdTest               no
exchange-regularization WignerSeitzTruncated
fluid LinearPCM 298.000000 1.013250
fluid-anion F- 1 MeanFieldLJ \
	epsBulk 1 \
	pMol 0 \
	epsInf 1 \
	Pvap 0 \
	sigmaBulk 0 \
	Rvdw 2.24877 \
	Res 0 \
	tauNuc 343133
fluid-cation Na+ 1 MeanFieldLJ \
	epsBulk 1 \
	pMol 0 \
	epsInf 1 \
	Pvap 0 \
	sigmaBulk 0 \
	Rvdw 2.19208 \
	Res 0 \
	tauNuc 343133
fluid-ex-corr lda-TF lda-PZ
fluid-gummel-loop 10 1.000000e-05
fluid-minimize  \
	dirUpdateScheme      PolakRibiere \
	linminMethod         DirUpdateRecommended \
	nIterations          400 \
	history              15 \
	knormThreshold       1e-11 \
	energyDiffThreshold  0 \
	nEnergyDiff          2 \
	alphaTstart          1 \
	alphaTmin            1e-10 \
	updateTestStepSize   yes \
	alphaTreduceFactor   0.1 \
	alphaTincreaseFactor 3 \
	nAlphaAdjustMax      6 \
	wolfeEnergy          0.0001 \
	wolfeGradient        0.9 \
	fdTest               no
fluid-solvent H2O 55.338 ScalarEOS \
	epsBulk 78.4 \
	pMol 0.92466 \
	epsInf 1.77 \
	Pvap 1.06736e-10 \
	sigmaBulk 4.62e-05 \
	Rvdw 2.61727 \
	Res 1.42 \
	tauNuc 343133 \
	poleEl 15 7 1
forces-output-coords Positions
initial-state NbTe2.$VAR
ion Zr   0.166666678685885   0.000000021949560   0.599810799835274 0
ion Zr   0.500000012019221   0.000000021949560   0.599810799835274 0
ion Zr   0.833333345352550   0.000000021949560   0.599810799835274 0
ion Zr   0.166666678685885   0.333333355282889   0.599810799835274 0
ion Zr   0.500000012019221   0.333333355282889   0.599810799835274 0
ion Zr   0.833333345352550   0.333333355282889   0.599810799835274 0
ion Zr   0.166666678685885   0.666666688616225   0.599810799835274 0
ion Zr   0.500000012019221   0.666666688616225   0.599810799835274 0
ion Zr   0.833333345352550   0.666666688616225   0.599810799835274 0
ion Zr   0.999999964297601   0.166666631219094   0.400189842729874 0
ion Zr   0.333333297630929   0.166666631219094   0.400189842729874 0
ion Zr   0.666666630964265   0.166666631219094   0.400189842729874 0
ion Zr   0.999999964297601   0.499999964552430   0.400189842729874 0
ion Zr   0.333333297630929   0.499999964552430   0.400189842729874 0
ion Zr   0.666666630964265   0.499999964552430   0.400189842729874 0
ion Zr   0.999999964297601   0.833333297885758   0.400189842729874 0
ion Zr   0.333333297630929   0.833333297885758   0.400189842729874 0
ion Zr   0.666666630964265   0.833333297885758   0.400189842729874 0
ion Si   0.000000013555734   0.000000004625257   0.499999963632277 0
ion Si   0.333333346889070   0.000000004625257   0.499999963632277 0
ion Si   0.666666680222399   0.000000004625257   0.499999963632277 0
ion Si   0.000000013555734   0.333333337958585   0.499999963632277 0
ion Si   0.333333346889070   0.333333337958585   0.499999963632277 0
ion Si   0.666666680222399   0.333333337958585   0.499999963632277 0
ion Si   0.000000013555734   0.666666671291921   0.499999963632277 0
ion Si   0.333333346889070   0.666666671291921   0.499999963632277 0
ion Si   0.666666680222399   0.666666671291921   0.499999963632277 0
ion Si   0.166666658665868   0.166666673648386   0.499999955136332 0
ion Si   0.499999991999203   0.166666673648386   0.499999955136332 0
ion Si   0.833333325332539   0.166666673648386   0.499999955136332 0
ion Si   0.166666658665868   0.500000006981722   0.499999955136332 0
ion Si   0.499999991999203   0.500000006981722   0.499999955136332 0
ion Si   0.833333325332539   0.500000006981722   0.499999955136332 0
ion Si   0.166666658665868   0.833333340315058   0.499999955136332 0
ion Si   0.499999991999203   0.833333340315058   0.499999955136332 0
ion Si   0.833333325332539   0.833333340315058   0.499999955136332 0
ion Se   0.000000010130655   0.166666668868295   0.654416590594292 0
ion Se   0.333333343463991   0.166666668868295   0.654416590594292 0
ion Se   0.666666676797320   0.166666668868295   0.654416590594292 0
ion Se   0.000000010130655   0.500000002201631   0.654416590594292 0
ion Se   0.333333343463991   0.500000002201631   0.654416590594292 0
ion Se   0.666666676797320   0.500000002201631   0.654416590594292 0
ion Se   0.000000010130655   0.833333335534967   0.654416590594292 0
ion Se   0.333333343463991   0.833333335534967   0.654416590594292 0
ion Se   0.666666676797320   0.833333335534967   0.654416590594292 0
ion Se   0.166666674664256   0.999999999689408   0.345583409405708 0
ion Se   0.500000007997592   0.999999999689408   0.345583409405708 0
ion Se   0.833333341330921   0.999999999689408   0.345583409405708 0
ion Se   0.166666674664256   0.333333333022743   0.345583409405708 0
ion Se   0.500000007997592   0.333333333022743   0.345583409405708 0
ion Se   0.833333341330921   0.333333333022743   0.345583409405708 0
ion Se   0.166666674664256   0.666666666356072   0.345583409405708 0
ion Se   0.500000007997592   0.666666666356072   0.345583409405708 0
ion Se   0.833333341330921   0.666666666356072   0.345583409405708 0
ion-species GBRV/$ID_pbe.uspp
ion-width Ecut
ionic-minimize  \
	dirUpdateScheme      L-BFGS \
	linminMethod         DirUpdateRecommended \
	nIterations          0 \
	history              15 \
	knormThreshold       0.0001 \
	energyDiffThreshold  1e-06 \
	nEnergyDiff          2 \
	alphaTstart          1 \
	alphaTmin            1e-10 \
	updateTestStepSize   yes \
	alphaTreduceFactor   0.1 \
	alphaTincreaseFactor 3 \
	nAlphaAdjustMax      3 \
	wolfeEnergy          0.0001 \
	wolfeGradient        0.9 \
	fdTest               no
kpoint   0.000000000000   0.000000000000   0.000000000000  1.00000000000000
kpoint-folding 3 3 1 
latt-move-scale 1 1 1
latt-scale 1 1 1 
lattice Triclinic 19.9565 19.9565 41.0178 90 90 90
lattice-minimize  \
	dirUpdateScheme      L-BFGS \
	linminMethod         DirUpdateRecommended \
	nIterations          0 \
	history              15 \
	knormThreshold       0 \
	energyDiffThreshold  1e-06 \
	nEnergyDiff          2 \
	alphaTstart          1 \
	alphaTmin            1e-10 \
	updateTestStepSize   yes \
	alphaTreduceFactor   0.1 \
	alphaTincreaseFactor 3 \
	nAlphaAdjustMax      3 \
	wolfeEnergy          0.0001 \
	wolfeGradient        0.9 \
	fdTest               no
lcao-params -1 1e-06 0.0073499
pcm-variant CANDLE
spintype no-spin
subspace-rotation-factor 1 yes
symmetries automatic
symmetry-threshold 0.0001
target-mu -0.171252 no




---------- Setting up symmetries ----------

Found 16 point-group symmetries of the bravais lattice
Found 144 space-group symmetries with basis
Applied RMS atom displacement 6.65888e-06 bohrs to make symmetries exact.

---------- Initializing the Grid ----------
R = 
[    19.9565          0          0  ]
[          0    19.9565          0  ]
[          0          0    41.0178  ]
unit cell volume = 16335.8
G =
[   0.314844          0          0  ]
[          0   0.314844          0  ]
[          0          0   0.153182  ]
Minimum fftbox size, Smin = [  92  92  188  ]
Chosen fftbox size, S = [  96  96  192  ]

---------- Initializing tighter grid for wavefunction operations ----------
R = 
[    19.9565          0          0  ]
[          0    19.9565          0  ]
[          0          0    41.0178  ]
unit cell volume = 16335.8
G =
[   0.314844          0          0  ]
[          0   0.314844          0  ]
[          0          0   0.153182  ]
Minimum fftbox size, Smin = [  84  84  168  ]
Chosen fftbox size, S = [  84  84  168  ]

---------- Exchange Correlation functional ----------
Initalized PBE GGA exchange.
Initalized PBE GGA correlation.

---------- Setting up pseudopotentials ----------
Width of ionic core gaussian charges (only for fluid interactions / plotting) set to 0.397384

Reading pseudopotential file '/home/guoxy/vasp/jdftx-1.5.0/build/pseudopotentials/GBRV/zr_pbe.uspp':
  Title: Zr.  Created by USPP 7.3.6 on 14-9-2013
  Reference state energy: -49.308156.  12 valence electrons in orbitals:
    |400>  occupation: 2  eigenvalue: -2.002953
    |410>  occupation: 6  eigenvalue: -1.192957
    |420>  occupation: 2  eigenvalue: -0.132269
    |500>  occupation: 2  eigenvalue: -0.163143
    |510>  occupation: 0  eigenvalue: -0.053997
  lMax: 2  lLocal: 3  QijEcut: 5
  6 projectors sampled on a log grid with 625 points:
    l: 0  eig: -2.002953  rCut: 1.8
    l: 0  eig: -0.132269  rCut: 1.8
    l: 1  eig: -1.192956  rCut: 2
    l: 1  eig: 0.150000  rCut: 2
    l: 2  eig: -0.163145  rCut: 2.2
    l: 2  eig: 0.150000  rCut: 2.2
  Partial core density with radius 1.2
  Transforming core density to a uniform radial grid of dG=0.02 with 1303 points.
  Transforming local potential to a uniform radial grid of dG=0.02 with 1303 points.
  Transforming nonlocal projectors to a uniform radial grid of dG=0.02 with 432 points.
  Transforming density augmentations to a uniform radial grid of dG=0.02 with 1303 points.
  Transforming atomic orbitals to a uniform radial grid of dG=0.02 with 432 points.
  Core radius for overlap checks: 2.20 bohrs.

Reading pseudopotential file '/home/guoxy/vasp/jdftx-1.5.0/build/pseudopotentials/GBRV/si_pbe.uspp':
  Title: Si.  Created by USPP 7.3.6 on 14-9-2013
  Reference state energy: -4.599342.  4 valence electrons in orbitals:
    |300>  occupation: 2  eigenvalue: -0.397366
    |310>  occupation: 2  eigenvalue: -0.149981
  lMax: 2  lLocal: 3  QijEcut: 5
  6 projectors sampled on a log grid with 627 points:
    l: 0  eig: -0.397364  rCut: 1.6
    l: 0  eig: 1.000000  rCut: 1.6
    l: 1  eig: -0.149982  rCut: 1.6
    l: 1  eig: 1.000000  rCut: 1.6
    l: 2  eig: -0.100000  rCut: 1.7
    l: 2  eig: 0.100000  rCut: 1.7
  Partial core density with radius 1.45
  Transforming core density to a uniform radial grid of dG=0.02 with 1303 points.
  Transforming local potential to a uniform radial grid of dG=0.02 with 1303 points.
  Transforming nonlocal projectors to a uniform radial grid of dG=0.02 with 432 points.
  Transforming density augmentations to a uniform radial grid of dG=0.02 with 1303 points.
  Transforming atomic orbitals to a uniform radial grid of dG=0.02 with 432 points.
  Core radius for overlap checks: 1.70 bohrs.

Reading pseudopotential file '/home/guoxy/vasp/jdftx-1.5.0/build/pseudopotentials/GBRV/se_pbe.uspp':
  Title: Se.  Created by USPP 7.3.6 on 14-9-2013
  Reference state energy: -21.672887.  6 valence electrons in orbitals:
    |400>  occupation: 2  eigenvalue: -0.635284
    |410>  occupation: 4  eigenvalue: -0.239295
  lMax: 2  lLocal: 3  QijEcut: 5
  6 projectors sampled on a log grid with 625 points:
    l: 0  eig: -0.635278  rCut: 1.5
    l: 0  eig: 0.500000  rCut: 1.5
    l: 1  eig: -0.239295  rCut: 1.5
    l: 1  eig: 0.500000  rCut: 1.5
    l: 2  eig: 0.000000  rCut: 1.8
    l: 2  eig: 1.000000  rCut: 1.8
  Partial core density with radius 1.2
  Transforming core density to a uniform radial grid of dG=0.02 with 1303 points.
  Transforming local potential to a uniform radial grid of dG=0.02 with 1303 points.
  Transforming nonlocal projectors to a uniform radial grid of dG=0.02 with 432 points.
  Transforming density augmentations to a uniform radial grid of dG=0.02 with 1303 points.
  Transforming atomic orbitals to a uniform radial grid of dG=0.02 with 432 points.
  Core radius for overlap checks: 1.80 bohrs.

Initialized 3 species with 54 total atoms.

Folded 1 k-points by 3x3x1 to 9 k-points.

---------- Setting up k-points, bands, fillings ----------
Reduced to 3 k-points under symmetry. 
Computing the number of bands and number of electrons
Reading initial fillings from file NbTe2.fillings.
nElectrons: 396.000000   nBands: 378   nStates: 3

----- Setting up reduced wavefunction bases (one per k-point) -----
average nbasis = 69771.889 , ideal nbasis = 69787.863

---------- Setting up coulomb interaction ----------
Fluid mode embedding: using embedded box, but periodic Coulomb kernel.
(Fluid response is responsible for (approximate) separation between periodic images.)
Setting up double-sized grid for truncated Coulomb potentials:
R = 
[    19.9565          0          0  ]
[          0    19.9565          0  ]
[          0          0    82.0357  ]
unit cell volume = 32671.6
G =
[   0.314844          0          0  ]
[          0   0.314844          0  ]
[          0          0  0.0765909  ]
Chosen fftbox size, S = [  96  96  384  ]
Integer grid location selected as the embedding center:
   Grid: [  0  0  96  ]
   Lattice: [  0  0  0.5  ]
   Cartesian: [  0  0  20.5089  ]
Constructing Wigner-Seitz cell: 6 faces (6 quadrilaterals, 0 hexagons)
Range-separation parameter for embedded mesh potentials due to point charges: 0.583104 bohrs.

Initializing van der Waals corrections
	NOTE: vdW corrections apply only for interactions with fluid.
	Zr:  C6:  427.91 Eh-a0^6  R0: 3.097 a0
	Si:  C6:  160.10 Eh-a0^6  R0: 3.243 a0
	Se:  C6:  219.24 Eh-a0^6  R0: 3.347 a0

---------- Setting up ewald sum ----------
Optimum gaussian width for ewald sums = 6.559963 bohr.
Real space sum over 605 unit cells with max indices [  5  5  2  ]
Reciprocal space sum over 6929 terms with max indices [  6  6  20  ]

---------- Allocating electronic variables ----------
Initializing wave functions:  reading from 'NbTe2.wfns'
----- createFluidSolver() ----- (Fluid-side solver setup)
   Initializing fluid molecule 'H2O'
     Initializing site 'O'
       Electron density: proportional to exp(-r/0.36935)*erfc((r-0.51523)/0.36823) with norm 6.826
       Charge density: gaussian nuclear width 0.478731 with net site charge 0.826
       Polarizability: cuspless exponential with width 0.32 and norm 3.73
       Hard sphere radius: 2.57003 bohrs
       Positions in reference frame:
         [ +0.000000 +0.000000 +0.000000 ]
     Initializing site 'H'
       Electron density: proportional to exp(-r/0.34641)*erfc((r-0)/0.390882) with norm 0.587
       Charge density: gaussian nuclear width 0.377945 with net site charge -0.413
       Polarizability: cuspless exponential with width 0.39 and norm 3.3
       Positions in reference frame:
         [ +0.000000 -1.441945 +1.122523 ]
         [ +0.000000 +1.441945 +1.122523 ]
     Net charge: 0   dipole magnitude: 0.927204
     Initializing spherical shell mfKernel with radius 2.61727 Bohr
     deltaS corrections:
       site 'O': -7.54299
       site 'H': -6.83917
   Initializing fluid molecule 'Na+'
     Initializing site 'Na'
       Electron density: proportional to exp(-r/0.19682)*erfc((r-0.71491)/0.41314) with norm 8.1383
       Charge density: gaussian nuclear width 0.365347 with net site charge -1
       Hard sphere radius: 1.86327 bohrs
       Positions in reference frame:
         [ +0.000000 +0.000000 +0.000000 ]
     Net charge: -1   dipole magnitude: 0
     Initializing gaussian mfKernel with width: 1.55004 Bohr
     deltaS corrections:
       site 'Na': -22.3555
   Initializing fluid molecule 'F-'
     Initializing site 'F'
       Electron density: proportional to exp(-r/0.38886)*erfc((r-0)/0.438782) with norm 8
       Charge density: gaussian nuclear width 0.374796 with net site charge 1
       Hard sphere radius: 2.39995 bohrs
       Positions in reference frame:
         [ +0.000000 +0.000000 +0.000000 ]
     Net charge: 1   dipole magnitude: 0
     Initializing gaussian mfKernel with width: 1.59012 Bohr
     deltaS corrections:
       site 'F': -9.04335

Correction to mu due to finite nuclear width = -0.0120261
   Cavity determined by nc: 0.00142 and sigma: 0.707107
   Nonlocal vdW cavity from gaussian model electron density with norm = 8 and sigma = 0.993594 bohr
   Charge asymmetry in cavity with sensitivity pCavity = 36.5 e-bohr/Eh
   Electrostatic cavity expanded by eta = 1.46 bohrs
   Weighted density cavitation model constrained by Nbulk: 0.0049383 bohr^-3, Pvap: 3.14029 kPa, Rvdw: 2.61727 bohr and sigmaBulk: 4.62e-05 Eh/bohr^2 at T: 298 K.
   Weighted density dispersion model using vdW pair potentials with single solvent site with sqrtC6eff: 0.77 SI.
Reading fluid state from 'NbTe2.fluidState'


---- Citations for features of the code used in this run ----

   Software package:
      R. Sundararaman, K. Letchworth-Weaver, K.A. Schwarz, D. Gunceler, Y. Ozhabes and T.A. Arias, 'JDFTx: software for joint density-functional theory', SoftwareX 6, 278 (2017)

   gga-PBE exchange-correlation functional:
      J.P. Perdew, K. Burke and M. Ernzerhof, Phys. Rev. Lett. 77, 3865 (1996)

   Pseudopotentials:
      KF Garrity, JW Bennett, KM Rabe and D Vanderbilt, Comput. Mater. Sci. 81, 446 (2014)

   Truncated Coulomb potentials:
      R. Sundararaman and T.A. Arias, Phys. Rev. B 87, 165122 (2013)

   Van der Waals correction pair-potentials:
      S. Grimme, J. Comput. Chem. 27, 1787 (2006)

   Charge-asymmetric nonlocally-determined local-electric (CANDLE) solvation model:
      R. Sundararaman and W.A. Goddard III, J. Chem. Phys. 142, 064107 (2015)

   Total energy minimization with Auxiliary Hamiltonian:
      C. Freysoldt, S. Boeck, and J. Neugebauer, Phys. Rev. B 79, 241103(R) (2009)

   Grand-canonical (fixed-potential) DFT:
      R. Sundararaman, W. A. Goddard III and T. A. Arias, J. Chem. Phys. 146, 114104 (2017)

This list may not be complete. Please suggest additional citations or
report any other bugs at https://github.com/shankar1729/jdftx/issues

Initialization completed successfully at t[s]:     20.44

Shifting auxilliary hamiltonian by -0.005484 to set nElectrons=396.000000
	Linear fluid (dielectric constant: 78.4, screening length: 5.74355 Bohr) occupying 0.712333 of unit cell:	Completed after 1 iterations at t[s]:     26.55

-------- Electronic minimization -----------
	Linear fluid (dielectric constant: 78.4, screening length: 5.74355 Bohr) occupying 0.712333 of unit cell:	Completed after 0 iterations at t[s]:     32.87
	FillingsUpdate:  mu: -0.171251800  nElectrons: 396.000000
ElecMinimize: Iter:   0  G: -1027.859181217758078  |grad|_K:  8.151e-06  alpha:  1.000e+00
	Linear fluid (dielectric constant: 78.4, screening length: 5.74355 Bohr) occupying 0.712486 of unit cell:	Completed after 15 iterations at t[s]:     74.47
	Linear fluid (dielectric constant: 78.4, screening length: 5.74355 Bohr) occupying 0.712339 of unit cell:	Completed after 16 iterations at t[s]:     86.93
	FillingsUpdate:  mu: -0.171251800  nElectrons: 395.927010
	SubspaceRotationAdjust: set factor to 0.539
ElecMinimize: Iter:   1  G: -1027.859365663101016  |grad|_K:  3.118e-06  alpha:  3.796e-02  linmin:  3.035e-03  t[s]:    101.15
	Linear fluid (dielectric constant: 78.4, screening length: 5.74355 Bohr) occupying 0.712358 of unit cell:	Completed after 3 iterations at t[s]:    113.88
ElecMinimize: 	Predicted alpha/alphaT>3.000000, increasing alphaT to 1.138680e-01.
	Linear fluid (dielectric constant: 78.4, screening length: 5.74355 Bohr) occupying 0.712394 of unit cell:	Completed after 6 iterations at t[s]:    126.53
	Linear fluid (dielectric constant: 78.4, screening length: 5.74355 Bohr) occupying 0.712462 of unit cell:	Completed after 11 iterations at t[s]:    138.18
	FillingsUpdate:  mu: -0.171251800  nElectrons: 395.889370
	SubspaceRotationAdjust: set factor to 0.292
ElecMinimize: Iter:   2  G: -1027.859547901266524  |grad|_K:  2.215e-06  alpha:  2.546e-01  linmin:  8.682e-05  t[s]:    151.85
	Linear fluid (dielectric constant: 78.4, screening length: 5.74355 Bohr) occupying 0.712557 of unit cell:	Completed after 11 iterations at t[s]:    165.40
	Linear fluid (dielectric constant: 78.4, screening length: 5.74355 Bohr) occupying 0.712499 of unit cell:	Completed after 11 iterations at t[s]:    178.48
	FillingsUpdate:  mu: -0.171251800  nElectrons: 395.848939
	SubspaceRotationAdjust: set factor to 0.165
ElecMinimize: Iter:   3  G: -1027.859586363143990  |grad|_K:  1.060e-06  alpha:  9.931e-02  linmin:  2.721e-05  t[s]:    193.52
	Linear fluid (dielectric constant: 78.4, screening length: 5.74355 Bohr) occupying 0.712518 of unit cell:	Completed after 3 iterations at t[s]:    206.52
ElecMinimize: 	Predicted alpha/alphaT>3.000000, increasing alphaT to 2.979216e-01.
	Linear fluid (dielectric constant: 78.4, screening length: 5.74355 Bohr) occupying 0.712555 of unit cell:	Completed after 2 iterations at t[s]:    218.18
ElecMinimize: 	Predicted alpha/alphaT>3.000000, increasing alphaT to 8.937648e-01.
	Linear fluid (dielectric constant: 78.4, screening length: 5.74355 Bohr) occupying 0.712666 of unit cell:	Completed after 8 iterations at t[s]:    230.44
	Linear fluid (dielectric constant: 78.4, screening length: 5.74355 Bohr) occupying 0.712670 of unit cell:	Completed after 0 iterations at t[s]:    241.71
	FillingsUpdate:  mu: -0.171251800  nElectrons: 395.821549
	SubspaceRotationAdjust: set factor to 0.168
ElecMinimize: Iter:   4  G: -1027.859667351805456  |grad|_K:  4.685e-07  alpha:  9.112e-01  linmin: -1.291e-04  t[s]:    255.64
	Linear fluid (dielectric constant: 78.4, screening length: 5.74355 Bohr) occupying 0.712749 of unit cell:	Completed after 6 iterations at t[s]:    268.60
	Linear fluid (dielectric constant: 78.4, screening length: 5.74355 Bohr) occupying 0.712747 of unit cell:	Completed after 0 iterations at t[s]:    279.48
	FillingsUpdate:  mu: -0.171251800  nElectrons: 395.811020
	SubspaceRotationAdjust: set factor to 0.141
ElecMinimize: Iter:   5  G: -1027.859682872003077  |grad|_K:  3.748e-07  alpha:  8.828e-01  linmin:  1.021e-04  t[s]:    294.74
	Linear fluid (dielectric constant: 78.4, screening length: 5.74355 Bohr) occupying 0.712820 of unit cell:	Completed after 10 iterations at t[s]:    309.01
	Linear fluid (dielectric constant: 78.4, screening length: 5.74355 Bohr) occupying 0.712778 of unit cell:	Completed after 9 iterations at t[s]:    321.26
	FillingsUpdate:  mu: -0.171251800  nElectrons: 395.817081
	SubspaceRotationAdjust: set factor to 0.0908
	SubspaceRotationAdjust: resetting CG because factor has changed by 0.0907583
	Linear fluid (dielectric constant: 78.4, screening length: 5.74355 Bohr) occupying 0.712778 of unit cell:	Completed after 0 iterations at t[s]:    341.68
ElecMinimize: 	State modified externally: resetting search direction.
ElecMinimize: Iter:   6  G: -1027.859687116990472  |grad|_K:  2.372e-07  alpha:  3.789e-01
	Linear fluid (dielectric constant: 78.4, screening length: 5.74355 Bohr) occupying 0.712782 of unit cell:	Completed after 3 iterations at t[s]:    368.21
	Linear fluid (dielectric constant: 78.4, screening length: 5.74355 Bohr) occupying 0.712784 of unit cell:	Completed after 3 iterations at t[s]:    379.30
	FillingsUpdate:  mu: -0.171251800  nElectrons: 395.812065
	SubspaceRotationAdjust: set factor to 0.0718
ElecMinimize: Iter:   7  G: -1027.859689429368245  |grad|_K:  1.555e-07  alpha:  5.908e-01  linmin:  1.846e-03  t[s]:    393.93
	Linear fluid (dielectric constant: 78.4, screening length: 5.74355 Bohr) occupying 0.712790 of unit cell:	Completed after 3 iterations at t[s]:    407.17
	Linear fluid (dielectric constant: 78.4, screening length: 5.74355 Bohr) occupying 0.712792 of unit cell:	Completed after 0 iterations at t[s]:    418.43
	FillingsUpdate:  mu: -0.171251800  nElectrons: 395.814575
	SubspaceRotationAdjust: set factor to 0.0715
ElecMinimize: Iter:   8  G: -1027.859690969227358  |grad|_K:  1.036e-07  alpha:  8.449e-01  linmin: -1.026e-03  t[s]:    433.16
	Linear fluid (dielectric constant: 78.4, screening length: 5.74355 Bohr) occupying 0.712799 of unit cell:	Completed after 6 iterations at t[s]:    446.57
	Linear fluid (dielectric constant: 78.4, screening length: 5.74355 Bohr) occupying 0.712797 of unit cell:	Completed after 0 iterations at t[s]:    457.63
	FillingsUpdate:  mu: -0.171251800  nElectrons: 395.816579
	SubspaceRotationAdjust: set factor to 0.0462
ElecMinimize: Iter:   9  G: -1027.859691443457450  |grad|_K:  1.598e-07  alpha:  5.400e-01  linmin:  2.071e-04  t[s]:    471.35
	Linear fluid (dielectric constant: 78.4, screening length: 5.74355 Bohr) occupying 0.712810 of unit cell:	Completed after 2 iterations at t[s]:    484.31
	Linear fluid (dielectric constant: 78.4, screening length: 5.74355 Bohr) occupying 0.712807 of unit cell:	Completed after 0 iterations at t[s]:    496.06
	FillingsUpdate:  mu: -0.171251800  nElectrons: 395.817321
	SubspaceRotationAdjust: set factor to 0.0652
ElecMinimize: Iter:  10  G: -1027.859692194727131  |grad|_K:  1.357e-07  alpha:  4.137e-01  linmin:  4.794e-05  t[s]:    510.60
	Linear fluid (dielectric constant: 78.4, screening length: 5.74355 Bohr) occupying 0.712815 of unit cell:	Completed after 2 iterations at t[s]:    523.59
	Linear fluid (dielectric constant: 78.4, screening length: 5.74355 Bohr) occupying 0.712819 of unit cell:	Completed after 0 iterations at t[s]:    534.72
	FillingsUpdate:  mu: -0.171251800  nElectrons: 395.815996
	SubspaceRotationAdjust: set factor to 0.0857
ElecMinimize: Iter:  11  G: -1027.859693133743804  |grad|_K:  1.012e-07  alpha:  6.209e-01  linmin: -2.200e-04  t[s]:    548.85
	Linear fluid (dielectric constant: 78.4, screening length: 5.74355 Bohr) occupying 0.712826 of unit cell:	Completed after 3 iterations at t[s]:    561.88
	Linear fluid (dielectric constant: 78.4, screening length: 5.74355 Bohr) occupying 0.712823 of unit cell:	Completed after 2 iterations at t[s]:    573.10
	FillingsUpdate:  mu: -0.171251800  nElectrons: 395.814752
	SubspaceRotationAdjust: set factor to 0.0766
ElecMinimize: Iter:  12  G: -1027.859693314263950  |grad|_K:  1.059e-07  alpha:  3.666e-01  linmin: -7.906e-05  t[s]:    586.68
	Linear fluid (dielectric constant: 78.4, screening length: 5.74355 Bohr) occupying 0.712827 of unit cell:	Completed after 0 iterations at t[s]:    599.22
	Linear fluid (dielectric constant: 78.4, screening length: 5.74355 Bohr) occupying 0.712828 of unit cell:	Completed after 1 iterations at t[s]:    610.49
	FillingsUpdate:  mu: -0.171251800  nElectrons: 395.814566
	SubspaceRotationAdjust: set factor to 0.109
ElecMinimize: Iter:  13  G: -1027.859693647457334  |grad|_K:  1.002e-07  alpha:  4.417e-01  linmin:  8.763e-05  t[s]:    624.45
	Linear fluid (dielectric constant: 78.4, screening length: 5.74355 Bohr) occupying 0.712832 of unit cell:	Completed after 3 iterations at t[s]:    637.07
	Linear fluid (dielectric constant: 78.4, screening length: 5.74355 Bohr) occupying 0.712830 of unit cell:	Completed after 0 iterations at t[s]:    647.77
	FillingsUpdate:  mu: -0.171251800  nElectrons: 395.815151
	SubspaceRotationAdjust: set factor to 0.113
ElecMinimize: Iter:  14  G: -1027.859693828316040  |grad|_K:  9.814e-08  alpha:  2.617e-01  linmin:  4.985e-05  t[s]:    662.67
	Linear fluid (dielectric constant: 78.4, screening length: 5.74355 Bohr) occupying 0.712833 of unit cell:	Completed after 0 iterations at t[s]:    675.49
	Linear fluid (dielectric constant: 78.4, screening length: 5.74355 Bohr) occupying 0.712835 of unit cell:	Completed after 2 iterations at t[s]:    687.41
	FillingsUpdate:  mu: -0.171251800  nElectrons: 395.815825
	SubspaceRotationAdjust: set factor to 0.12
ElecMinimize: Iter:  15  G: -1027.859693971273373  |grad|_K:  8.477e-08  alpha:  4.601e-01  linmin:  9.175e-05  t[s]:    701.70
	Linear fluid (dielectric constant: 78.4, screening length: 5.74355 Bohr) occupying 0.712839 of unit cell:	Completed after 0 iterations at t[s]:    714.67
	Linear fluid (dielectric constant: 78.4, screening length: 5.74355 Bohr) occupying 0.712839 of unit cell:	Completed after 0 iterations at t[s]:    726.32
	FillingsUpdate:  mu: -0.171251800  nElectrons: 395.814989
	SubspaceRotationAdjust: set factor to 0.158
ElecMinimize: Iter:  16  G: -1027.859694115163165  |grad|_K:  7.804e-08  alpha:  3.955e-01  linmin: -1.729e-08  t[s]:    739.52
	Linear fluid (dielectric constant: 78.4, screening length: 5.74355 Bohr) occupying 0.712843 of unit cell:	Completed after 2 iterations at t[s]:    752.00
	Linear fluid (dielectric constant: 78.4, screening length: 5.74355 Bohr) occupying 0.712841 of unit cell:	Completed after 0 iterations at t[s]:    762.84
	FillingsUpdate:  mu: -0.171251800  nElectrons: 395.813768
	SubspaceRotationAdjust: set factor to 0.161
ElecMinimize: Iter:  17  G: -1027.859694217902870  |grad|_K:  6.189e-08  alpha:  2.404e-01  linmin:  2.607e-05  t[s]:    776.20
	Linear fluid (dielectric constant: 78.4, screening length: 5.74355 Bohr) occupying 0.712843 of unit cell:	Completed after 0 iterations at t[s]:    788.62
	Linear fluid (dielectric constant: 78.4, screening length: 5.74355 Bohr) occupying 0.712845 of unit cell:	Completed after 0 iterations at t[s]:    799.38
	FillingsUpdate:  mu: -0.171251800  nElectrons: 395.812391
	SubspaceRotationAdjust: set factor to 0.215
ElecMinimize: Iter:  18  G: -1027.859694336623079  |grad|_K:  4.986e-08  alpha:  4.552e-01  linmin: -5.723e-08  t[s]:    813.97
	Linear fluid (dielectric constant: 78.4, screening length: 5.74355 Bohr) occupying 0.712848 of unit cell:	Completed after 2 iterations at t[s]:    826.85
	Linear fluid (dielectric constant: 78.4, screening length: 5.74355 Bohr) occupying 0.712846 of unit cell:	Completed after 0 iterations at t[s]:    837.88
ElecMinimize: 	Step increased G by 2.862112e-08, reducing alpha to 1.672550e-02.
	Linear fluid (dielectric constant: 78.4, screening length: 5.74355 Bohr) occupying 0.712845 of unit cell:	Completed after 0 iterations at t[s]:    860.79
ElecMinimize: 	Step increased G by 3.007881e-08, reducing alpha to 1.672550e-03.
	Linear fluid (dielectric constant: 78.4, screening length: 5.74355 Bohr) occupying 0.712845 of unit cell:	Completed after 0 iterations at t[s]:    883.78
ElecMinimize: 	Step increased G by 3.113246e-08, reducing alpha to 1.672550e-04.
ElecMinimize: 	Step failed to reduce G after 3 attempts. Quitting step.
ElecMinimize: 	Undoing step.
	Linear fluid (dielectric constant: 78.4, screening length: 5.74355 Bohr) occupying 0.712845 of unit cell:	Completed after 0 iterations at t[s]:    906.96
ElecMinimize: 	Step failed: resetting search direction.
	FillingsUpdate:  mu: -0.171251800  nElectrons: 395.812389
	SubspaceRotationAdjust: set factor to 0.173
ElecMinimize: Iter:  19  G: -1027.859694305486073  |grad|_K:  6.856e-08  alpha:  1.673e-04
	Linear fluid (dielectric constant: 78.4, screening length: 5.74355 Bohr) occupying 0.712846 of unit cell:	Completed after 3 iterations at t[s]:    934.13
	Linear fluid (dielectric constant: 78.4, screening length: 5.74355 Bohr) occupying 0.712845 of unit cell:	Completed after 0 iterations at t[s]:    944.92
	FillingsUpdate:  mu: -0.171251800  nElectrons: 395.813577
	SubspaceRotationAdjust: set factor to 0.102
ElecMinimize: Iter:  20  G: -1027.859694408501582  |grad|_K:  5.018e-08  alpha:  2.770e-01  linmin:  2.876e-04  t[s]:    959.14
	Linear fluid (dielectric constant: 78.4, screening length: 5.74355 Bohr) occupying 0.712846 of unit cell:	Completed after 0 iterations at t[s]:    971.28
	Linear fluid (dielectric constant: 78.4, screening length: 5.74355 Bohr) occupying 0.712847 of unit cell:	Completed after 0 iterations at t[s]:    981.88
	FillingsUpdate:  mu: -0.171251800  nElectrons: 395.812778
	SubspaceRotationAdjust: set factor to 0.126
ElecMinimize: Iter:  21  G: -1027.859694526403246  |grad|_K:  4.406e-08  alpha:  8.035e-01  linmin:  3.554e-07  t[s]:    995.26
	Linear fluid (dielectric constant: 78.4, screening length: 5.74355 Bohr) occupying 0.712849 of unit cell:	Completed after 4 iterations at t[s]:   1007.74
	Linear fluid (dielectric constant: 78.4, screening length: 5.74355 Bohr) occupying 0.712848 of unit cell:	Completed after 2 iterations at t[s]:   1018.70
ElecMinimize: 	Step increased G by 6.886216e-08, reducing alpha to 1.789767e-02.
	Linear fluid (dielectric constant: 78.4, screening length: 5.74355 Bohr) occupying 0.712847 of unit cell:	Completed after 0 iterations at t[s]:   1041.70
ElecMinimize: 	Step increased G by 3.147625e-08, reducing alpha to 1.789767e-03.
	Linear fluid (dielectric constant: 78.4, screening length: 5.74355 Bohr) occupying 0.712847 of unit cell:	Completed after 0 iterations at t[s]:   1065.47
ElecMinimize: 	Step increased G by 2.801494e-08, reducing alpha to 1.789767e-04.
ElecMinimize: 	Step failed to reduce G after 3 attempts. Quitting step.
ElecMinimize: 	Undoing step.
	Linear fluid (dielectric constant: 78.4, screening length: 5.74355 Bohr) occupying 0.712847 of unit cell:	Completed after 0 iterations at t[s]:   1089.27
ElecMinimize: 	Step failed: resetting search direction.
	FillingsUpdate:  mu: -0.171251800  nElectrons: 395.812773
	SubspaceRotationAdjust: set factor to 0.086
ElecMinimize: Iter:  22  G: -1027.859694498401723  |grad|_K:  6.201e-08  alpha:  1.790e-04
	Linear fluid (dielectric constant: 78.4, screening length: 5.74355 Bohr) occupying 0.712848 of unit cell:	Completed after 4 iterations at t[s]:   1115.05
	Linear fluid (dielectric constant: 78.4, screening length: 5.74355 Bohr) occupying 0.712847 of unit cell:	Completed after 2 iterations at t[s]:   1125.89
ElecMinimize: 	Step increased G by 9.439418e-09, reducing alpha to 2.146958e-02.
	Linear fluid (dielectric constant: 78.4, screening length: 5.74355 Bohr) occupying 0.712847 of unit cell:	Completed after 1 iterations at t[s]:   1149.09
	FillingsUpdate:  mu: -0.171251800  nElectrons: 395.812856
	SubspaceRotationAdjust: set factor to 0.0448
ElecMinimize: Iter:  23  G: -1027.859694527945067  |grad|_K:  5.262e-08  alpha:  2.147e-02  linmin:  6.890e-04  t[s]:   1162.93
	Linear fluid (dielectric constant: 78.4, screening length: 5.74355 Bohr) occupying 0.712847 of unit cell:	Completed after 0 iterations at t[s]:   1175.56
ElecMinimize: 	Predicted alpha/alphaT>3.000000, increasing alphaT to 6.440874e-02.
	Linear fluid (dielectric constant: 78.4, screening length: 5.74355 Bohr) occupying 0.712847 of unit cell:	Completed after 0 iterations at t[s]:   1186.93
ElecMinimize: 	Predicted alpha/alphaT>3.000000, increasing alphaT to 1.932262e-01.
	Linear fluid (dielectric constant: 78.4, screening length: 5.74355 Bohr) occupying 0.712847 of unit cell:	Completed after 0 iterations at t[s]:   1197.69
	Linear fluid (dielectric constant: 78.4, screening length: 5.74355 Bohr) occupying 0.712847 of unit cell:	Completed after 0 iterations at t[s]:   1220.98
	FillingsUpdate:  mu: -0.171251800  nElectrons: 395.812925
	SubspaceRotationAdjust: set factor to 0.0322
ElecMinimize: Iter:  24  G: -1027.859694568479881  |grad|_K:  3.370e-08  alpha:  3.304e-01  linmin: -1.147e-06  t[s]:   1234.93
	Linear fluid (dielectric constant: 78.4, screening length: 5.74355 Bohr) occupying 0.712848 of unit cell:	Completed after 0 iterations at t[s]:   1247.20
ElecMinimize: 	Predicted alpha/alphaT>3.000000, increasing alphaT to 9.912161e-01.
	Linear fluid (dielectric constant: 78.4, screening length: 5.74355 Bohr) occupying 0.712848 of unit cell:	Completed after 2 iterations at t[s]:   1259.32
	Linear fluid (dielectric constant: 78.4, screening length: 5.74355 Bohr) occupying 0.712848 of unit cell:	Completed after 2 iterations at t[s]:   1271.60
ElecMinimize: 	Step increased G by 6.023538e-08, reducing alpha to 2.324797e-02.
	Linear fluid (dielectric constant: 78.4, screening length: 5.74355 Bohr) occupying 0.712847 of unit cell:	Completed after 0 iterations at t[s]:   1296.33
ElecMinimize: 	Step increased G by 3.774085e-08, reducing alpha to 2.324797e-03.
	Linear fluid (dielectric constant: 78.4, screening length: 5.74355 Bohr) occupying 0.712847 of unit cell:	Completed after 0 iterations at t[s]:   1320.46
ElecMinimize: 	Step increased G by 3.587547e-08, reducing alpha to 2.324797e-04.
ElecMinimize: 	Step failed to reduce G after 3 attempts. Quitting step.
ElecMinimize: 	Undoing step.
	Linear fluid (dielectric constant: 78.4, screening length: 5.74355 Bohr) occupying 0.712847 of unit cell:	Completed after 0 iterations at t[s]:   1344.59
ElecMinimize: 	Step failed: resetting search direction.
	FillingsUpdate:  mu: -0.171251800  nElectrons: 395.812923
	SubspaceRotationAdjust: set factor to 0.0162
ElecMinimize: Iter:  25  G: -1027.859694532608046  |grad|_K:  1.973e-08  alpha:  2.325e-04
	Linear fluid (dielectric constant: 78.4, screening length: 5.74355 Bohr) occupying 0.712847 of unit cell:	Completed after 0 iterations at t[s]:   1370.76
ElecMinimize: 	Predicted alpha/alphaT>3.000000, increasing alphaT to 9.912161e-01.
	Linear fluid (dielectric constant: 78.4, screening length: 5.74355 Bohr) occupying 0.712847 of unit cell:	Completed after 2 iterations at t[s]:   1381.68
	Linear fluid (dielectric constant: 78.4, screening length: 5.74355 Bohr) occupying 0.712847 of unit cell:	Completed after 0 iterations at t[s]:   1392.96
ElecMinimize: 	Step increased G by 1.786248e-08, reducing alpha to 3.299511e-02.
	Linear fluid (dielectric constant: 78.4, screening length: 5.74355 Bohr) occupying 0.712847 of unit cell:	Completed after 0 iterations at t[s]:   1417.15
ElecMinimize: 	Step increased G by 1.660646e-08, reducing alpha to 3.299511e-03.
	Linear fluid (dielectric constant: 78.4, screening length: 5.74355 Bohr) occupying 0.712847 of unit cell:	Completed after 0 iterations at t[s]:   1441.86
ElecMinimize: 	Step increased G by 1.662670e-08, reducing alpha to 3.299511e-04.
ElecMinimize: 	Step failed to reduce G after 3 attempts. Quitting step.
ElecMinimize: 	Undoing step.
	Linear fluid (dielectric constant: 78.4, screening length: 5.74355 Bohr) occupying 0.712847 of unit cell:	Completed after 0 iterations at t[s]:   1466.43
ElecMinimize: 	Step failed along negative gradient direction.
ElecMinimize: Probably at roundoff error limit. (Stopping)
Setting wave functions to eigenvectors of Hamiltonian

# Ionic positions in lattice coordinates:
ion Zr   0.166666666666667   0.000000000000000   0.599810572108326 0
ion Zr   0.500000000000000   0.000000000000000   0.599810572108326 0
ion Zr   0.833333333333333   0.000000000000000   0.599810572108326 0
ion Zr   0.166666666666667   0.333333333333333   0.599810572108326 0
ion Zr   0.500000000000000   0.333333333333333   0.599810572108326 0
ion Zr   0.833333333333333   0.333333333333333   0.599810572108326 0
ion Zr   0.166666666666667   0.666666666666667   0.599810572108326 0
ion Zr   0.500000000000000   0.666666666666667   0.599810572108326 0
ion Zr   0.833333333333333   0.666666666666667   0.599810572108326 0
ion Zr   1.000000000000000   0.166666666666667   0.400189615002926 0
ion Zr   0.333333333333333   0.166666666666667   0.400189615002926 0
ion Zr   0.666666666666667   0.166666666666667   0.400189615002926 0
ion Zr   1.000000000000000   0.500000000000000   0.400189615002926 0
ion Zr   0.333333333333333   0.500000000000000   0.400189615002926 0
ion Zr   0.666666666666667   0.500000000000000   0.400189615002926 0
ion Zr   1.000000000000000   0.833333333333333   0.400189615002926 0
ion Zr   0.333333333333333   0.833333333333333   0.400189615002926 0
ion Zr   0.666666666666667   0.833333333333333   0.400189615002926 0
ion Si   0.000000000000000  -0.000000000000000   0.500000093555626 0
ion Si   0.333333333333333  -0.000000000000000   0.500000093555626 0
ion Si   0.666666666666667  -0.000000000000000   0.500000093555626 0
ion Si   0.000000000000000   0.333333333333333   0.500000093555626 0
ion Si   0.333333333333333   0.333333333333333   0.500000093555626 0
ion Si   0.666666666666667   0.333333333333333   0.500000093555626 0
ion Si   0.000000000000000   0.666666666666667   0.500000093555626 0
ion Si   0.333333333333333   0.666666666666667   0.500000093555626 0
ion Si   0.666666666666667   0.666666666666667   0.500000093555626 0
ion Si   0.166666666666667   0.166666666666667   0.500000093555626 0
ion Si   0.500000000000000   0.166666666666667   0.500000093555626 0
ion Si   0.833333333333333   0.166666666666667   0.500000093555626 0
ion Si   0.166666666666667   0.500000000000000   0.500000093555626 0
ion Si   0.500000000000000   0.500000000000000   0.500000093555626 0
ion Si   0.833333333333333   0.500000000000000   0.500000093555626 0
ion Si   0.166666666666667   0.833333333333333   0.500000093555626 0
ion Si   0.500000000000000   0.833333333333333   0.500000093555626 0
ion Si   0.833333333333333   0.833333333333333   0.500000093555626 0
ion Se  -0.000000000000000   0.166666666666667   0.654416684149918 0
ion Se   0.333333333333333   0.166666666666667   0.654416684149918 0
ion Se   0.666666666666667   0.166666666666667   0.654416684149918 0
ion Se  -0.000000000000000   0.500000000000000   0.654416684149918 0
ion Se   0.333333333333333   0.500000000000000   0.654416684149918 0
ion Se   0.666666666666667   0.500000000000000   0.654416684149918 0
ion Se  -0.000000000000000   0.833333333333333   0.654416684149918 0
ion Se   0.333333333333333   0.833333333333333   0.654416684149918 0
ion Se   0.666666666666667   0.833333333333333   0.654416684149918 0
ion Se   0.166666666666667   1.000000000000000   0.345583502961334 0
ion Se   0.500000000000000   1.000000000000000   0.345583502961334 0
ion Se   0.833333333333333   1.000000000000000   0.345583502961334 0
ion Se   0.166666666666667   0.333333333333333   0.345583502961334 0
ion Se   0.500000000000000   0.333333333333333   0.345583502961334 0
ion Se   0.833333333333333   0.333333333333333   0.345583502961334 0
ion Se   0.166666666666667   0.666666666666667   0.345583502961334 0
ion Se   0.500000000000000   0.666666666666667   0.345583502961334 0
ion Se   0.833333333333333   0.666666666666667   0.345583502961334 0


# Forces in Lattice coordinates:
force Zr   0.000000000000000   0.000000000000000   0.136631953000687 0
force Zr   0.000000000000000  -0.000000000000000   0.136631953000687 0
force Zr  -0.000000000000000  -0.000000000000000   0.136631953000687 0
force Zr  -0.000000000000000   0.000000000000000   0.136631953000687 0
force Zr  -0.000000000000000  -0.000000000000000   0.136631953000459 0
force Zr   0.000000000000000  -0.000000000000000   0.136631953000687 0
force Zr  -0.000000000000000  -0.000000000000000   0.136631953000687 0
force Zr  -0.000000000000000  -0.000000000000000   0.136631953000686 0
force Zr   0.000000000000000   0.000000000000000   0.136631953000687 0
force Zr  -0.000000000000000   0.000000000000000  -0.136631953000459 0
force Zr   0.000000000000000   0.000000000000000  -0.136631953000459 0
force Zr  -0.000000000000000   0.000000000000000  -0.136631953000459 0
force Zr  -0.000000000000000  -0.000000000000000  -0.136631953000459 0
force Zr   0.000000000000000  -0.000000000000000  -0.136631953000459 0
force Zr  -0.000000000000000  -0.000000000000000  -0.136631953000459 0
force Zr  -0.000000000000000  -0.000000000000000  -0.136631953000459 0
force Zr   0.000000000000000  -0.000000000000000  -0.136631953000232 0
force Zr  -0.000000000000000  -0.000000000000000  -0.136631953000459 0
force Si   0.000000000000000   0.000000000000000  -0.000000000000000 0
force Si   0.000000000000000   0.000000000000000  -0.000000000000000 0
force Si  -0.000000000000000  -0.000000000000000   0.000000000000000 0
force Si  -0.000000000000000   0.000000000000000  -0.000000000000000 0
force Si   0.000000000000000   0.000000000000000  -0.000000000000000 0
force Si   0.000000000000000  -0.000000000000000   0.000000000000000 0
force Si  -0.000000000000000  -0.000000000000000  -0.000000000000000 0
force Si   0.000000000000000  -0.000000000000000  -0.000000000000000 0
force Si   0.000000000000000   0.000000000000000   0.000000000000000 0
force Si   0.000000000000000   0.000000000000000  -0.000000000000000 0
force Si  -0.000000000000000   0.000000000000000  -0.000000000000000 0
force Si   0.000000000000000   0.000000000000000   0.000000000000000 0
force Si   0.000000000000000   0.000000000000000  -0.000000000000000 0
force Si  -0.000000000000000  -0.000000000000000   0.000000000000000 0
force Si   0.000000000000000   0.000000000000000   0.000000000000000 0
force Si   0.000000000000000   0.000000000000000  -0.000000000000000 0
force Si  -0.000000000000000  -0.000000000000000   0.000000000000000 0
force Si   0.000000000000000  -0.000000000000000   0.000000000000000 0
force Se   0.000000000000000   0.000000000000000  -0.000210956447452 0
force Se   0.000000000000000   0.000000000000000  -0.000210956447451 0
force Se   0.000000000000000   0.000000000000000  -0.000210956447336 0
force Se  -0.000000000000000   0.000000000000000  -0.000210956447451 0
force Se   0.000000000000000   0.000000000000000  -0.000210956447337 0
force Se  -0.000000000000000  -0.000000000000000  -0.000210956447449 0
force Se  -0.000000000000000  -0.000000000000000  -0.000210956447338 0
force Se   0.000000000000000  -0.000000000000000  -0.000210956447451 0
force Se   0.000000000000000  -0.000000000000000  -0.000210956447336 0
force Se  -0.000000000000000  -0.000000000000000   0.000210956446882 0
force Se   0.000000000000000  -0.000000000000000   0.000210956447108 0
force Se  -0.000000000000000   0.000000000000000   0.000210956447109 0
force Se   0.000000000000000  -0.000000000000000   0.000210956447109 0
force Se  -0.000000000000000  -0.000000000000000   0.000210956447108 0
force Se   0.000000000000000   0.000000000000000   0.000210956446881 0
force Se   0.000000000000000  -0.000000000000000   0.000210956446882 0
force Se  -0.000000000000000  -0.000000000000000   0.000210956446881 0
force Se   0.000000000000000  -0.000000000000000   0.000210956447108 0

# Energy components:
   A_diel =        0.0236207117385235
   Eewald =    10178.0990953566015378
       EH =    11071.8978266275225906
     Eloc =   -22652.5004918157683278
      Enl =      161.2682164675950389
      Exc =     -467.6777667167019104
 Exc_core =      277.6390560507056762
       KE =      335.6425012308146165
  MuShift =        0.0022497924955901
-------------------------------------
     Etot =    -1095.6056922949956061
       TS =        0.0376778814340833
-------------------------------------
        F =    -1095.6433701764296984
      muN =      -67.7836756604712605
-------------------------------------
        G =    -1027.8596945159583811

IonicMinimize: Iter:   0  G: -1027.859694515958381  |grad|_K:  0.000e+00  t[s]:   1490.72
IonicMinimize: Converged (|grad|_K<1.000000e-04).

#--- Lowdin population analysis ---
# oxidation-state Zr -0.448 -0.448 -0.448 -0.448 -0.448 -0.448 -0.448 -0.448 -0.448 -0.448 -0.448 -0.448 -0.448 -0.448 -0.448 -0.448 -0.448 -0.448
# oxidation-state Si +0.321 +0.321 +0.321 +0.321 +0.321 +0.321 +0.321 +0.321 +0.321 +0.321 +0.321 +0.321 +0.321 +0.321 +0.321 +0.321 +0.321 +0.321
# oxidation-state Se +0.218 +0.218 +0.218 +0.218 +0.218 +0.218 +0.218 +0.218 +0.218 +0.218 +0.218 +0.218 +0.218 +0.218 +0.218 +0.218 +0.218 +0.218


Dumping 'NbTe2.fillings' ... done
Dumping 'NbTe2.wfns' ... done
Dumping 'NbTe2.fluidState' ... done
Dumping 'NbTe2.eigenvals' ... done
End date and time: Tue Jun 30 10:05:09 2020  (Duration: 0-0:24:59.06)
Done!

*************** JDFTx 1.5.0  ***************

Start date and time: Tue Jun 30 10:20:52 2020
Executable jdftx_gpu with command-line: -i Charged.in -o Charged.out
Running on hosts (process indices):  amax (0)
Divided in process groups (process indices):  0 (0)
gpuInit: Found compatible cuda device 0 'Tesla K80'
gpuInit: Selected device 0
Resource initialization completed at t[s]:      8.85
Run totals: 1 processes, 24 threads, 1 GPUs


Input parsed successfully to the following command list (including defaults):

basis kpoint-dependent
cache-projectors no
coords-type Lattice
core-overlap-check none
coulomb-interaction Slab 001
coulomb-truncation-embed 0 0 0.5
davidson-band-ratio 1.1
dump End State
dump-name NbTe2.$VAR
elec-cutoff 20 100
elec-eigen-algo Davidson
elec-ex-corr gga-PBE
elec-smearing Gauss 0.0073499
electronic-minimize  \
	dirUpdateScheme      FletcherReeves \
	linminMethod         DirUpdateRecommended \
	nIterations          100 \
	history              15 \
	knormThreshold       0 \
	energyDiffThreshold  1e-08 \
	nEnergyDiff          2 \
	alphaTstart          1 \
	alphaTmin            1e-10 \
	updateTestStepSize   yes \
	alphaTreduceFactor   0.1 \
	alphaTincreaseFactor 3 \
	nAlphaAdjustMax      3 \
	wolfeEnergy          0.0001 \
	wolfeGradient        0.9 \
	fdTest               no
electronic-scf  \
	nIterations	500 \
	energyDiffThreshold	1e-08 \
	residualThreshold	1e-07 \
	mixFraction	0.5 \
	qMetric	0.8 \
	history	10 \
	nEigSteps	2 \
	eigDiffThreshold	1e-08 \
	mixedVariable	Density \
	qKerker	0.8 \
	qKappa	-1 \
	verbose	no \
	mixFractionMag	1.5
exchange-regularization WignerSeitzTruncated
fluid LinearPCM 298.000000 1.013250
fluid-anion F- 1 MeanFieldLJ \
	epsBulk 1 \
	pMol 0 \
	epsInf 1 \
	Pvap 0 \
	sigmaBulk 0 \
	Rvdw 2.24877 \
	Res 0 \
	tauNuc 343133
fluid-cation Na+ 1 MeanFieldLJ \
	epsBulk 1 \
	pMol 0 \
	epsInf 1 \
	Pvap 0 \
	sigmaBulk 0 \
	Rvdw 2.19208 \
	Res 0 \
	tauNuc 343133
fluid-ex-corr lda-TF lda-PZ
fluid-gummel-loop 10 1.000000e-05
fluid-minimize  \
	dirUpdateScheme      PolakRibiere \
	linminMethod         DirUpdateRecommended \
	nIterations          400 \
	history              15 \
	knormThreshold       1e-11 \
	energyDiffThreshold  0 \
	nEnergyDiff          2 \
	alphaTstart          1 \
	alphaTmin            1e-10 \
	updateTestStepSize   yes \
	alphaTreduceFactor   0.1 \
	alphaTincreaseFactor 3 \
	nAlphaAdjustMax      6 \
	wolfeEnergy          0.0001 \
	wolfeGradient        0.9 \
	fdTest               no
fluid-solvent H2O 55.338 ScalarEOS \
	epsBulk 78.4 \
	pMol 0.92466 \
	epsInf 1.77 \
	Pvap 1.06736e-10 \
	sigmaBulk 4.62e-05 \
	Rvdw 2.61727 \
	Res 1.42 \
	tauNuc 343133 \
	poleEl 15 7 1
forces-output-coords Positions
initial-state NbTe2.$VAR
ion Zr   0.166666678685885   0.000000021949560   0.599810799835274 0
ion Zr   0.500000012019221   0.000000021949560   0.599810799835274 0
ion Zr   0.833333345352550   0.000000021949560   0.599810799835274 0
ion Zr   0.166666678685885   0.333333355282889   0.599810799835274 0
ion Zr   0.500000012019221   0.333333355282889   0.599810799835274 0
ion Zr   0.833333345352550   0.333333355282889   0.599810799835274 0
ion Zr   0.166666678685885   0.666666688616225   0.599810799835274 0
ion Zr   0.500000012019221   0.666666688616225   0.599810799835274 0
ion Zr   0.833333345352550   0.666666688616225   0.599810799835274 0
ion Zr   0.999999964297601   0.166666631219094   0.400189842729874 0
ion Zr   0.333333297630929   0.166666631219094   0.400189842729874 0
ion Zr   0.666666630964265   0.166666631219094   0.400189842729874 0
ion Zr   0.999999964297601   0.499999964552430   0.400189842729874 0
ion Zr   0.333333297630929   0.499999964552430   0.400189842729874 0
ion Zr   0.666666630964265   0.499999964552430   0.400189842729874 0
ion Zr   0.999999964297601   0.833333297885758   0.400189842729874 0
ion Zr   0.333333297630929   0.833333297885758   0.400189842729874 0
ion Zr   0.666666630964265   0.833333297885758   0.400189842729874 0
ion Si   0.000000013555734   0.000000004625257   0.499999963632277 0
ion Si   0.333333346889070   0.000000004625257   0.499999963632277 0
ion Si   0.666666680222399   0.000000004625257   0.499999963632277 0
ion Si   0.000000013555734   0.333333337958585   0.499999963632277 0
ion Si   0.333333346889070   0.333333337958585   0.499999963632277 0
ion Si   0.666666680222399   0.333333337958585   0.499999963632277 0
ion Si   0.000000013555734   0.666666671291921   0.499999963632277 0
ion Si   0.333333346889070   0.666666671291921   0.499999963632277 0
ion Si   0.666666680222399   0.666666671291921   0.499999963632277 0
ion Si   0.166666658665868   0.166666673648386   0.499999955136332 0
ion Si   0.499999991999203   0.166666673648386   0.499999955136332 0
ion Si   0.833333325332539   0.166666673648386   0.499999955136332 0
ion Si   0.166666658665868   0.500000006981722   0.499999955136332 0
ion Si   0.499999991999203   0.500000006981722   0.499999955136332 0
ion Si   0.833333325332539   0.500000006981722   0.499999955136332 0
ion Si   0.166666658665868   0.833333340315058   0.499999955136332 0
ion Si   0.499999991999203   0.833333340315058   0.499999955136332 0
ion Si   0.833333325332539   0.833333340315058   0.499999955136332 0
ion Se   0.000000010130655   0.166666668868295   0.654416590594292 0
ion Se   0.333333343463991   0.166666668868295   0.654416590594292 0
ion Se   0.666666676797320   0.166666668868295   0.654416590594292 0
ion Se   0.000000010130655   0.500000002201631   0.654416590594292 0
ion Se   0.333333343463991   0.500000002201631   0.654416590594292 0
ion Se   0.666666676797320   0.500000002201631   0.654416590594292 0
ion Se   0.000000010130655   0.833333335534967   0.654416590594292 0
ion Se   0.333333343463991   0.833333335534967   0.654416590594292 0
ion Se   0.666666676797320   0.833333335534967   0.654416590594292 0
ion Se   0.166666674664256   0.999999999689408   0.345583409405708 0
ion Se   0.500000007997592   0.999999999689408   0.345583409405708 0
ion Se   0.833333341330921   0.999999999689408   0.345583409405708 0
ion Se   0.166666674664256   0.333333333022743   0.345583409405708 0
ion Se   0.500000007997592   0.333333333022743   0.345583409405708 0
ion Se   0.833333341330921   0.333333333022743   0.345583409405708 0
ion Se   0.166666674664256   0.666666666356072   0.345583409405708 0
ion Se   0.500000007997592   0.666666666356072   0.345583409405708 0
ion Se   0.833333341330921   0.666666666356072   0.345583409405708 0
ion-species GBRV/$ID_pbe.uspp
ion-width Ecut
ionic-minimize  \
	dirUpdateScheme      L-BFGS \
	linminMethod         DirUpdateRecommended \
	nIterations          0 \
	history              15 \
	knormThreshold       0.0001 \
	energyDiffThreshold  1e-06 \
	nEnergyDiff          2 \
	alphaTstart          1 \
	alphaTmin            1e-10 \
	updateTestStepSize   yes \
	alphaTreduceFactor   0.1 \
	alphaTincreaseFactor 3 \
	nAlphaAdjustMax      3 \
	wolfeEnergy          0.0001 \
	wolfeGradient        0.9 \
	fdTest               no
kpoint   0.000000000000   0.000000000000   0.000000000000  1.00000000000000
kpoint-folding 3 3 1 
latt-move-scale 1 1 1
latt-scale 1 1 1 
lattice Triclinic 19.9565 19.9565 41.0178 90 90 90
lattice-minimize  \
	dirUpdateScheme      L-BFGS \
	linminMethod         DirUpdateRecommended \
	nIterations          0 \
	history              15 \
	knormThreshold       0 \
	energyDiffThreshold  1e-06 \
	nEnergyDiff          2 \
	alphaTstart          1 \
	alphaTmin            1e-10 \
	updateTestStepSize   yes \
	alphaTreduceFactor   0.1 \
	alphaTincreaseFactor 3 \
	nAlphaAdjustMax      3 \
	wolfeEnergy          0.0001 \
	wolfeGradient        0.9 \
	fdTest               no
lcao-params -1 1e-06 0.0073499
pcm-variant CANDLE
spintype no-spin
subspace-rotation-factor 1 yes
symmetries automatic
symmetry-threshold 0.0001
target-mu -0.171252 no




---------- Setting up symmetries ----------

Found 16 point-group symmetries of the bravais lattice
Found 144 space-group symmetries with basis
Applied RMS atom displacement 6.65888e-06 bohrs to make symmetries exact.

---------- Initializing the Grid ----------
R = 
[    19.9565          0          0  ]
[          0    19.9565          0  ]
[          0          0    41.0178  ]
unit cell volume = 16335.8
G =
[   0.314844          0          0  ]
[          0   0.314844          0  ]
[          0          0   0.153182  ]
Minimum fftbox size, Smin = [  92  92  188  ]
Chosen fftbox size, S = [  96  96  192  ]

---------- Initializing tighter grid for wavefunction operations ----------
R = 
[    19.9565          0          0  ]
[          0    19.9565          0  ]
[          0          0    41.0178  ]
unit cell volume = 16335.8
G =
[   0.314844          0          0  ]
[          0   0.314844          0  ]
[          0          0   0.153182  ]
Minimum fftbox size, Smin = [  84  84  168  ]
Chosen fftbox size, S = [  84  84  168  ]

---------- Exchange Correlation functional ----------
Initalized PBE GGA exchange.
Initalized PBE GGA correlation.

---------- Setting up pseudopotentials ----------
Width of ionic core gaussian charges (only for fluid interactions / plotting) set to 0.397384

Reading pseudopotential file '/home/guoxy/vasp/jdftx-1.5.0/build/pseudopotentials/GBRV/zr_pbe.uspp':
  Title: Zr.  Created by USPP 7.3.6 on 14-9-2013
  Reference state energy: -49.308156.  12 valence electrons in orbitals:
    |400>  occupation: 2  eigenvalue: -2.002953
    |410>  occupation: 6  eigenvalue: -1.192957
    |420>  occupation: 2  eigenvalue: -0.132269
    |500>  occupation: 2  eigenvalue: -0.163143
    |510>  occupation: 0  eigenvalue: -0.053997
  lMax: 2  lLocal: 3  QijEcut: 5
  6 projectors sampled on a log grid with 625 points:
    l: 0  eig: -2.002953  rCut: 1.8
    l: 0  eig: -0.132269  rCut: 1.8
    l: 1  eig: -1.192956  rCut: 2
    l: 1  eig: 0.150000  rCut: 2
    l: 2  eig: -0.163145  rCut: 2.2
    l: 2  eig: 0.150000  rCut: 2.2
  Partial core density with radius 1.2
  Transforming core density to a uniform radial grid of dG=0.02 with 1303 points.
  Transforming local potential to a uniform radial grid of dG=0.02 with 1303 points.
  Transforming nonlocal projectors to a uniform radial grid of dG=0.02 with 432 points.
  Transforming density augmentations to a uniform radial grid of dG=0.02 with 1303 points.
  Transforming atomic orbitals to a uniform radial grid of dG=0.02 with 432 points.
  Core radius for overlap checks: 2.20 bohrs.

Reading pseudopotential file '/home/guoxy/vasp/jdftx-1.5.0/build/pseudopotentials/GBRV/si_pbe.uspp':
  Title: Si.  Created by USPP 7.3.6 on 14-9-2013
  Reference state energy: -4.599342.  4 valence electrons in orbitals:
    |300>  occupation: 2  eigenvalue: -0.397366
    |310>  occupation: 2  eigenvalue: -0.149981
  lMax: 2  lLocal: 3  QijEcut: 5
  6 projectors sampled on a log grid with 627 points:
    l: 0  eig: -0.397364  rCut: 1.6
    l: 0  eig: 1.000000  rCut: 1.6
    l: 1  eig: -0.149982  rCut: 1.6
    l: 1  eig: 1.000000  rCut: 1.6
    l: 2  eig: -0.100000  rCut: 1.7
    l: 2  eig: 0.100000  rCut: 1.7
  Partial core density with radius 1.45
  Transforming core density to a uniform radial grid of dG=0.02 with 1303 points.
  Transforming local potential to a uniform radial grid of dG=0.02 with 1303 points.
  Transforming nonlocal projectors to a uniform radial grid of dG=0.02 with 432 points.
  Transforming density augmentations to a uniform radial grid of dG=0.02 with 1303 points.
  Transforming atomic orbitals to a uniform radial grid of dG=0.02 with 432 points.
  Core radius for overlap checks: 1.70 bohrs.

Reading pseudopotential file '/home/guoxy/vasp/jdftx-1.5.0/build/pseudopotentials/GBRV/se_pbe.uspp':
  Title: Se.  Created by USPP 7.3.6 on 14-9-2013
  Reference state energy: -21.672887.  6 valence electrons in orbitals:
    |400>  occupation: 2  eigenvalue: -0.635284
    |410>  occupation: 4  eigenvalue: -0.239295
  lMax: 2  lLocal: 3  QijEcut: 5
  6 projectors sampled on a log grid with 625 points:
    l: 0  eig: -0.635278  rCut: 1.5
    l: 0  eig: 0.500000  rCut: 1.5
    l: 1  eig: -0.239295  rCut: 1.5
    l: 1  eig: 0.500000  rCut: 1.5
    l: 2  eig: 0.000000  rCut: 1.8
    l: 2  eig: 1.000000  rCut: 1.8
  Partial core density with radius 1.2
  Transforming core density to a uniform radial grid of dG=0.02 with 1303 points.
  Transforming local potential to a uniform radial grid of dG=0.02 with 1303 points.
  Transforming nonlocal projectors to a uniform radial grid of dG=0.02 with 432 points.
  Transforming density augmentations to a uniform radial grid of dG=0.02 with 1303 points.
  Transforming atomic orbitals to a uniform radial grid of dG=0.02 with 432 points.
  Core radius for overlap checks: 1.80 bohrs.

Initialized 3 species with 54 total atoms.

Folded 1 k-points by 3x3x1 to 9 k-points.

---------- Setting up k-points, bands, fillings ----------
Reduced to 3 k-points under symmetry. 
Computing the number of bands and number of electrons
Reading initial fillings from file NbTe2.fillings.
nElectrons: 395.812924   nBands: 378   nStates: 3

----- Setting up reduced wavefunction bases (one per k-point) -----
average nbasis = 69771.889 , ideal nbasis = 69787.863

---------- Setting up coulomb interaction ----------
Fluid mode embedding: using embedded box, but periodic Coulomb kernel.
(Fluid response is responsible for (approximate) separation between periodic images.)
Setting up double-sized grid for truncated Coulomb potentials:
R = 
[    19.9565          0          0  ]
[          0    19.9565          0  ]
[          0          0    82.0357  ]
unit cell volume = 32671.6
G =
[   0.314844          0          0  ]
[          0   0.314844          0  ]
[          0          0  0.0765909  ]
Chosen fftbox size, S = [  96  96  384  ]
Integer grid location selected as the embedding center:
   Grid: [  0  0  96  ]
   Lattice: [  0  0  0.5  ]
   Cartesian: [  0  0  20.5089  ]
Constructing Wigner-Seitz cell: 6 faces (6 quadrilaterals, 0 hexagons)
Range-separation parameter for embedded mesh potentials due to point charges: 0.583104 bohrs.

Initializing van der Waals corrections
	NOTE: vdW corrections apply only for interactions with fluid.
	Zr:  C6:  427.91 Eh-a0^6  R0: 3.097 a0
	Si:  C6:  160.10 Eh-a0^6  R0: 3.243 a0
	Se:  C6:  219.24 Eh-a0^6  R0: 3.347 a0

---------- Setting up ewald sum ----------
Optimum gaussian width for ewald sums = 6.559963 bohr.
Real space sum over 605 unit cells with max indices [  5  5  2  ]
Reciprocal space sum over 6929 terms with max indices [  6  6  20  ]

---------- Allocating electronic variables ----------
Initializing wave functions:  reading from 'NbTe2.wfns'
----- createFluidSolver() ----- (Fluid-side solver setup)
   Initializing fluid molecule 'H2O'
     Initializing site 'O'
       Electron density: proportional to exp(-r/0.36935)*erfc((r-0.51523)/0.36823) with norm 6.826
       Charge density: gaussian nuclear width 0.478731 with net site charge 0.826
       Polarizability: cuspless exponential with width 0.32 and norm 3.73
       Hard sphere radius: 2.57003 bohrs
       Positions in reference frame:
         [ +0.000000 +0.000000 +0.000000 ]
     Initializing site 'H'
       Electron density: proportional to exp(-r/0.34641)*erfc((r-0)/0.390882) with norm 0.587
       Charge density: gaussian nuclear width 0.377945 with net site charge -0.413
       Polarizability: cuspless exponential with width 0.39 and norm 3.3
       Positions in reference frame:
         [ +0.000000 -1.441945 +1.122523 ]
         [ +0.000000 +1.441945 +1.122523 ]
     Net charge: 0   dipole magnitude: 0.927204
     Initializing spherical shell mfKernel with radius 2.61727 Bohr
     deltaS corrections:
       site 'O': -7.54299
       site 'H': -6.83917
   Initializing fluid molecule 'Na+'
     Initializing site 'Na'
       Electron density: proportional to exp(-r/0.19682)*erfc((r-0.71491)/0.41314) with norm 8.1383
       Charge density: gaussian nuclear width 0.365347 with net site charge -1
       Hard sphere radius: 1.86327 bohrs
       Positions in reference frame:
         [ +0.000000 +0.000000 +0.000000 ]
     Net charge: -1   dipole magnitude: 0
     Initializing gaussian mfKernel with width: 1.55004 Bohr
     deltaS corrections:
       site 'Na': -22.3555
   Initializing fluid molecule 'F-'
     Initializing site 'F'
       Electron density: proportional to exp(-r/0.38886)*erfc((r-0)/0.438782) with norm 8
       Charge density: gaussian nuclear width 0.374796 with net site charge 1
       Hard sphere radius: 2.39995 bohrs
       Positions in reference frame:
         [ +0.000000 +0.000000 +0.000000 ]
     Net charge: 1   dipole magnitude: 0
     Initializing gaussian mfKernel with width: 1.59012 Bohr
     deltaS corrections:
       site 'F': -9.04335

Correction to mu due to finite nuclear width = -0.0120261
   Cavity determined by nc: 0.00142 and sigma: 0.707107
   Nonlocal vdW cavity from gaussian model electron density with norm = 8 and sigma = 0.993594 bohr
   Charge asymmetry in cavity with sensitivity pCavity = 36.5 e-bohr/Eh
   Electrostatic cavity expanded by eta = 1.46 bohrs
   Weighted density cavitation model constrained by Nbulk: 0.0049383 bohr^-3, Pvap: 3.14029 kPa, Rvdw: 2.61727 bohr and sigmaBulk: 4.62e-05 Eh/bohr^2 at T: 298 K.
   Weighted density dispersion model using vdW pair potentials with single solvent site with sqrtC6eff: 0.77 SI.
Reading fluid state from 'NbTe2.fluidState'


---- Citations for features of the code used in this run ----

   Software package:
      R. Sundararaman, K. Letchworth-Weaver, K.A. Schwarz, D. Gunceler, Y. Ozhabes and T.A. Arias, 'JDFTx: software for joint density-functional theory', SoftwareX 6, 278 (2017)

   gga-PBE exchange-correlation functional:
      J.P. Perdew, K. Burke and M. Ernzerhof, Phys. Rev. Lett. 77, 3865 (1996)

   Pseudopotentials:
      KF Garrity, JW Bennett, KM Rabe and D Vanderbilt, Comput. Mater. Sci. 81, 446 (2014)

   Truncated Coulomb potentials:
      R. Sundararaman and T.A. Arias, Phys. Rev. B 87, 165122 (2013)

   Van der Waals correction pair-potentials:
      S. Grimme, J. Comput. Chem. 27, 1787 (2006)

   Charge-asymmetric nonlocally-determined local-electric (CANDLE) solvation model:
      R. Sundararaman and W.A. Goddard III, J. Chem. Phys. 142, 064107 (2015)

   Grand-canonical (fixed-potential) DFT:
      R. Sundararaman, W. A. Goddard III and T. A. Arias, J. Chem. Phys. 146, 114104 (2017)

This list may not be complete. Please suggest additional citations or
report any other bugs at https://github.com/shankar1729/jdftx/issues

Initialization completed successfully at t[s]:     24.95

Shifting auxilliary hamiltonian by -0.000006 to set nElectrons=395.812924
	Linear fluid (dielectric constant: 78.4, screening length: 5.74355 Bohr) occupying 0.712847 of unit cell:	Completed after 1 iterations at t[s]:     31.35

-------- Electronic minimization -----------
Will mix electronic density at each iteration.
	FillingsUpdate:  mu: -0.171251800  nElectrons: 395.812924
	Linear fluid (dielectric constant: 78.4, screening length: 5.74355 Bohr) occupying 0.712847 of unit cell:	Completed after 0 iterations at t[s]:     37.85
	FillingsUpdate:  mu: -0.171251800  nElectrons: 395.804155
	Linear fluid (dielectric constant: 78.4, screening length: 5.74355 Bohr) occupying 0.712848 of unit cell:	Completed after 8 iterations at t[s]:    107.86
SCF: Cycle:  0   G: -1027.859690844255283   dG: +3.653e-06   |Residual|: 2.296e-04   |deigs|: 7.543e-03  t[s]:    108.99
	Linear fluid (dielectric constant: 78.4, screening length: 5.74355 Bohr) occupying 0.712848 of unit cell:	Completed after 8 iterations at t[s]:    110.12
	FillingsUpdate:  mu: -0.171251800  nElectrons: 395.804004
	Linear fluid (dielectric constant: 78.4, screening length: 5.74355 Bohr) occupying 0.712848 of unit cell:	Completed after 8 iterations at t[s]:    167.62
SCF: Cycle:  1   G: -1027.859689241770184   dG: +1.602e-06   |Residual|: 1.988e-04   |deigs|: 8.969e-05  t[s]:    168.81
	Linear fluid (dielectric constant: 78.4, screening length: 5.74355 Bohr) occupying 0.712849 of unit cell:	Completed after 7 iterations at t[s]:    169.91
	FillingsUpdate:  mu: -0.171251800  nElectrons: 395.807925
	Linear fluid (dielectric constant: 78.4, screening length: 5.74355 Bohr) occupying 0.712848 of unit cell:	Completed after 7 iterations at t[s]:    229.93
SCF: Cycle:  2   G: -1027.859692904395843   dG: -3.663e-06   |Residual|: 1.153e-04   |deigs|: 1.251e-05  t[s]:    230.99
	Linear fluid (dielectric constant: 78.4, screening length: 5.74355 Bohr) occupying 0.712851 of unit cell:	Completed after 6 iterations at t[s]:    232.02
	FillingsUpdate:  mu: -0.171251800  nElectrons: 395.815606
	Linear fluid (dielectric constant: 78.4, screening length: 5.74355 Bohr) occupying 0.712850 of unit cell:	Completed after 6 iterations at t[s]:    289.56
SCF: Cycle:  3   G: -1027.859694185030776   dG: -1.281e-06   |Residual|: 9.556e-05   |deigs|: 2.074e-05  t[s]:    290.71
	Linear fluid (dielectric constant: 78.4, screening length: 5.74355 Bohr) occupying 0.712850 of unit cell:	Completed after 2 iterations at t[s]:    291.38
	FillingsUpdate:  mu: -0.171251800  nElectrons: 395.775230
	Linear fluid (dielectric constant: 78.4, screening length: 5.74355 Bohr) occupying 0.712844 of unit cell:	Completed after 11 iterations at t[s]:    352.07
SCF: Cycle:  4   G: -1027.859624576229407   dG: +6.961e-05   |Residual|: 6.635e-04   |deigs|: 1.073e-04  t[s]:    353.19
	Linear fluid (dielectric constant: 78.4, screening length: 5.74355 Bohr) occupying 0.712851 of unit cell:	Completed after 10 iterations at t[s]:    354.47
	FillingsUpdate:  mu: -0.171251800  nElectrons: 395.807626
	Linear fluid (dielectric constant: 78.4, screening length: 5.74355 Bohr) occupying 0.712849 of unit cell:	Completed after 6 iterations at t[s]:    411.61
SCF: Cycle:  5   G: -1027.859693468459454   dG: -6.889e-05   |Residual|: 7.788e-05   |deigs|: 8.536e-05  t[s]:    412.68
	Linear fluid (dielectric constant: 78.4, screening length: 5.74355 Bohr) occupying 0.712849 of unit cell:	Completed after 7 iterations at t[s]:    413.78
	FillingsUpdate:  mu: -0.171251800  nElectrons: 395.807727
	Linear fluid (dielectric constant: 78.4, screening length: 5.74355 Bohr) occupying 0.712849 of unit cell:	Completed after 8 iterations at t[s]:    459.94
SCF: Cycle:  6   G: -1027.859692723020999   dG: +7.454e-07   |Residual|: 1.429e-04   |deigs|: 5.319e-06  t[s]:    461.01
	Linear fluid (dielectric constant: 78.4, screening length: 5.74355 Bohr) occupying 0.712850 of unit cell:	Completed after 8 iterations at t[s]:    462.15
	FillingsUpdate:  mu: -0.171251800  nElectrons: 395.811965
	Linear fluid (dielectric constant: 78.4, screening length: 5.74355 Bohr) occupying 0.712849 of unit cell:	Completed after 0 iterations at t[s]:    518.84
SCF: Cycle:  7   G: -1027.859694547999652   dG: -1.825e-06   |Residual|: 2.868e-05   |deigs|: 1.168e-05  t[s]:    519.91
	Linear fluid (dielectric constant: 78.4, screening length: 5.74355 Bohr) occupying 0.712850 of unit cell:	Completed after 0 iterations at t[s]:    520.35
	FillingsUpdate:  mu: -0.171251800  nElectrons: 395.811991
	Linear fluid (dielectric constant: 78.4, screening length: 5.74355 Bohr) occupying 0.712849 of unit cell:	Completed after 0 iterations at t[s]:    565.61
SCF: Cycle:  8   G: -1027.859694547822301   dG: +1.774e-10   |Residual|: 2.606e-05   |deigs|: 4.829e-07  t[s]:    566.65
	Linear fluid (dielectric constant: 78.4, screening length: 5.74355 Bohr) occupying 0.712850 of unit cell:	Completed after 0 iterations at t[s]:    567.08
	FillingsUpdate:  mu: -0.171251800  nElectrons: 395.812021
	Linear fluid (dielectric constant: 78.4, screening length: 5.74355 Bohr) occupying 0.712849 of unit cell:	Completed after 0 iterations at t[s]:    619.85
SCF: Cycle:  9   G: -1027.859694547531717   dG: +2.906e-10   |Residual|: 2.436e-05   |deigs|: 4.046e-07  t[s]:    620.90
	Linear fluid (dielectric constant: 78.4, screening length: 5.74355 Bohr) occupying 0.712850 of unit cell:	Completed after 0 iterations at t[s]:    621.35
	FillingsUpdate:  mu: -0.171251800  nElectrons: 395.812035
	Linear fluid (dielectric constant: 78.4, screening length: 5.74355 Bohr) occupying 0.712849 of unit cell:	Completed after 0 iterations at t[s]:    661.56
SCF: Cycle: 10   G: -1027.859694547534446   dG: -2.728e-12   |Residual|: 2.379e-05   |deigs|: 2.180e-07  t[s]:    662.69
	Linear fluid (dielectric constant: 78.4, screening length: 5.74355 Bohr) occupying 0.712849 of unit cell:	Completed after 0 iterations at t[s]:    663.14
	FillingsUpdate:  mu: -0.171251800  nElectrons: 395.812122
	Linear fluid (dielectric constant: 78.4, screening length: 5.74355 Bohr) occupying 0.712849 of unit cell:	Completed after 0 iterations at t[s]:    715.70
SCF: Cycle: 11   G: -1027.859694547541039   dG: -6.594e-12   |Residual|: 2.739e-05   |deigs|: 1.062e-06  t[s]:    716.85
SCF: Converged (|Delta E|<1.000000e-08 for 2 iters).


# Ionic positions in lattice coordinates:
ion Zr   0.166666666666667   0.000000000000000   0.599810572108326 0
ion Zr   0.500000000000000   0.000000000000000   0.599810572108326 0
ion Zr   0.833333333333333   0.000000000000000   0.599810572108326 0
ion Zr   0.166666666666667   0.333333333333333   0.599810572108326 0
ion Zr   0.500000000000000   0.333333333333333   0.599810572108326 0
ion Zr   0.833333333333333   0.333333333333333   0.599810572108326 0
ion Zr   0.166666666666667   0.666666666666667   0.599810572108326 0
ion Zr   0.500000000000000   0.666666666666667   0.599810572108326 0
ion Zr   0.833333333333333   0.666666666666667   0.599810572108326 0
ion Zr   1.000000000000000   0.166666666666667   0.400189615002926 0
ion Zr   0.333333333333333   0.166666666666667   0.400189615002926 0
ion Zr   0.666666666666667   0.166666666666667   0.400189615002926 0
ion Zr   1.000000000000000   0.500000000000000   0.400189615002926 0
ion Zr   0.333333333333333   0.500000000000000   0.400189615002926 0
ion Zr   0.666666666666667   0.500000000000000   0.400189615002926 0
ion Zr   1.000000000000000   0.833333333333333   0.400189615002926 0
ion Zr   0.333333333333333   0.833333333333333   0.400189615002926 0
ion Zr   0.666666666666667   0.833333333333333   0.400189615002926 0
ion Si   0.000000000000000  -0.000000000000000   0.500000093555626 0
ion Si   0.333333333333333  -0.000000000000000   0.500000093555626 0
ion Si   0.666666666666667  -0.000000000000000   0.500000093555626 0
ion Si   0.000000000000000   0.333333333333333   0.500000093555626 0
ion Si   0.333333333333333   0.333333333333333   0.500000093555626 0
ion Si   0.666666666666667   0.333333333333333   0.500000093555626 0
ion Si   0.000000000000000   0.666666666666667   0.500000093555626 0
ion Si   0.333333333333333   0.666666666666667   0.500000093555626 0
ion Si   0.666666666666667   0.666666666666667   0.500000093555626 0
ion Si   0.166666666666667   0.166666666666667   0.500000093555626 0
ion Si   0.500000000000000   0.166666666666667   0.500000093555626 0
ion Si   0.833333333333333   0.166666666666667   0.500000093555626 0
ion Si   0.166666666666667   0.500000000000000   0.500000093555626 0
ion Si   0.500000000000000   0.500000000000000   0.500000093555626 0
ion Si   0.833333333333333   0.500000000000000   0.500000093555626 0
ion Si   0.166666666666667   0.833333333333333   0.500000093555626 0
ion Si   0.500000000000000   0.833333333333333   0.500000093555626 0
ion Si   0.833333333333333   0.833333333333333   0.500000093555626 0
ion Se  -0.000000000000000   0.166666666666667   0.654416684149918 0
ion Se   0.333333333333333   0.166666666666667   0.654416684149918 0
ion Se   0.666666666666667   0.166666666666667   0.654416684149918 0
ion Se  -0.000000000000000   0.500000000000000   0.654416684149918 0
ion Se   0.333333333333333   0.500000000000000   0.654416684149918 0
ion Se   0.666666666666667   0.500000000000000   0.654416684149918 0
ion Se  -0.000000000000000   0.833333333333333   0.654416684149918 0
ion Se   0.333333333333333   0.833333333333333   0.654416684149918 0
ion Se   0.666666666666667   0.833333333333333   0.654416684149918 0
ion Se   0.166666666666667   1.000000000000000   0.345583502961334 0
ion Se   0.500000000000000   1.000000000000000   0.345583502961334 0
ion Se   0.833333333333333   1.000000000000000   0.345583502961334 0
ion Se   0.166666666666667   0.333333333333333   0.345583502961334 0
ion Se   0.500000000000000   0.333333333333333   0.345583502961334 0
ion Se   0.833333333333333   0.333333333333333   0.345583502961334 0
ion Se   0.166666666666667   0.666666666666667   0.345583502961334 0
ion Se   0.500000000000000   0.666666666666667   0.345583502961334 0
ion Se   0.833333333333333   0.666666666666667   0.345583502961334 0


# Forces in Lattice coordinates:
force Zr   0.000000000000000  -0.000000000000000   0.139584709860371 0
force Zr  -0.000000000000000   0.000000000000000   0.139584709860371 0
force Zr   0.000000000000000   0.000000000000000   0.139584709860371 0
force Zr  -0.000000000000000  -0.000000000000000   0.139584709860371 0
force Zr  -0.000000000000000  -0.000000000000000   0.139584709860371 0
force Zr  -0.000000000000000  -0.000000000000000   0.139584709860371 0
force Zr   0.000000000000000   0.000000000000000   0.139584709860371 0
force Zr  -0.000000000000000   0.000000000000000   0.139584709860371 0
force Zr   0.000000000000000   0.000000000000000   0.139584709860371 0
force Zr   0.000000000000000  -0.000000000000000  -0.139584709860371 0
force Zr  -0.000000000000000  -0.000000000000000  -0.139584709860143 0
force Zr   0.000000000000000   0.000000000000000  -0.139584709860371 0
force Zr  -0.000000000000000  -0.000000000000000  -0.139584709860371 0
force Zr   0.000000000000000  -0.000000000000000  -0.139584709860371 0
force Zr  -0.000000000000000  -0.000000000000000  -0.139584709860371 0
force Zr   0.000000000000000   0.000000000000000  -0.139584709860371 0
force Zr  -0.000000000000000   0.000000000000000  -0.139584709860371 0
force Zr   0.000000000000000  -0.000000000000000  -0.139584709860371 0
force Si   0.000000000000000  -0.000000000000000   0.000000000000000 0
force Si  -0.000000000000000  -0.000000000000000   0.000000000000000 0
force Si   0.000000000000000  -0.000000000000000  -0.000000000000000 0
force Si  -0.000000000000000  -0.000000000000000   0.000000000000000 0
force Si   0.000000000000000  -0.000000000000000   0.000000000000000 0
force Si   0.000000000000000   0.000000000000000   0.000000000000000 0
force Si  -0.000000000000000   0.000000000000000   0.000000000000000 0
force Si   0.000000000000000   0.000000000000000  -0.000000000000000 0
force Si   0.000000000000000   0.000000000000000   0.000000000000000 0
force Si  -0.000000000000000   0.000000000000000   0.000000000000000 0
force Si  -0.000000000000000   0.000000000000000  -0.000000000000000 0
force Si  -0.000000000000000   0.000000000000000  -0.000000000000000 0
force Si  -0.000000000000000   0.000000000000000  -0.000000000000000 0
force Si  -0.000000000000000  -0.000000000000000   0.000000000000000 0
force Si   0.000000000000000  -0.000000000000000  -0.000000000000000 0
force Si  -0.000000000000000  -0.000000000000000  -0.000000000000000 0
force Si  -0.000000000000000  -0.000000000000000   0.000000000000000 0
force Si   0.000000000000000   0.000000000000000  -0.000000000000000 0
force Se  -0.000000000000000   0.000000000000000  -0.000948862325265 0
force Se  -0.000000000000000   0.000000000000000  -0.000948862325150 0
force Se  -0.000000000000000   0.000000000000000  -0.000948862325265 0
force Se  -0.000000000000000  -0.000000000000000  -0.000948862325151 0
force Se   0.000000000000000   0.000000000000000  -0.000948862325264 0
force Se   0.000000000000000  -0.000000000000000  -0.000948862325265 0
force Se  -0.000000000000000   0.000000000000000  -0.000948862325265 0
force Se   0.000000000000000  -0.000000000000000  -0.000948862325264 0
force Se  -0.000000000000000  -0.000000000000000  -0.000948862325151 0
force Se   0.000000000000000  -0.000000000000000   0.000948862324925 0
force Se  -0.000000000000000   0.000000000000000   0.000948862324697 0
force Se   0.000000000000000   0.000000000000000   0.000948862324923 0
force Se   0.000000000000000   0.000000000000000   0.000948862324696 0
force Se  -0.000000000000000   0.000000000000000   0.000948862324697 0
force Se  -0.000000000000000  -0.000000000000000   0.000948862324695 0
force Se   0.000000000000000   0.000000000000000   0.000948862324696 0
force Se  -0.000000000000000   0.000000000000000   0.000948862324696 0
force Se   0.000000000000000   0.000000000000000   0.000948862324695 0

# Energy components:
   A_diel =        0.0236931587245994
   Eewald =    10178.0990953566015378
       EH =    11071.8620995694545854
     Eloc =   -22652.4652749670640333
      Enl =      161.2683708219544769
      Exc =     -467.6775266559058082
 Exc_core =      277.6390560507056762
       KE =      335.6426731496375169
  MuShift =        0.0022594341832848
-------------------------------------
     Etot =    -1095.6055540817103520
       TS =        0.0376788282645876
-------------------------------------
        F =    -1095.6432329099750405
      muN =      -67.7835383624339585
-------------------------------------
        G =    -1027.8596945475410394

IonicMinimize: Iter:   0  G: -1027.859694547541039  |grad|_K:  0.000e+00  t[s]:    725.77
IonicMinimize: Converged (|grad|_K<1.000000e-04).

#--- Lowdin population analysis ---
# oxidation-state Zr -0.448 -0.448 -0.448 -0.448 -0.448 -0.448 -0.448 -0.448 -0.448 -0.448 -0.448 -0.448 -0.448 -0.448 -0.448 -0.448 -0.448 -0.448
# oxidation-state Si +0.321 +0.321 +0.321 +0.321 +0.321 +0.321 +0.321 +0.321 +0.321 +0.321 +0.321 +0.321 +0.321 +0.321 +0.321 +0.321 +0.321 +0.321
# oxidation-state Se +0.218 +0.218 +0.218 +0.218 +0.218 +0.218 +0.218 +0.218 +0.218 +0.218 +0.218 +0.218 +0.218 +0.218 +0.218 +0.218 +0.218 +0.218


Dumping 'NbTe2.fillings' ... done
Dumping 'NbTe2.wfns' ... done
Dumping 'NbTe2.fluidState' ... done
Dumping 'NbTe2.eigenvals' ... done
End date and time: Tue Jun 30 10:33:06 2020  (Duration: 0-0:12:14.41)
Done!
